[08/27/2022 12:17:13] Debug: Session id: 019c0697-984b-4171-8d8a-101571139d23
[08/27/2022 12:17:13] Debug: Code Processor information: Name :SnowConvert, Version: 7.11.102.0
[08/27/2022 12:17:14] Debug: Getting license
[08/27/2022 12:17:14] Debug: License information
	Status: Failed
	Message: No active license available.
[08/27/2022 12:17:14] Info: Starting to validate parameters
[08/27/2022 12:17:14] Info: Parameters to validate: 
	Execution mode: Conversion
	LICENSE_KEY: a3372138-b87e-4a08-b929-3b48b24c63f1
[08/27/2022 12:17:14] Info: Validation of parameters: Success
[08/27/2022 12:17:14] Debug: Getting code descriptor
[08/27/2022 12:17:14] Debug: Code descriptor information
	Units: 51
	Units type: LOC
	All file bytes: 2141
	All found extensions: .sql,.dml,.ddl,.bteq,.btq,.fl,.fload,.ml,.mload,.mld,.tp,.tpump,.tpt
[08/27/2022 12:17:14] Debug: Calculating fingerprint
[08/27/2022 12:17:14] Debug: Fingerprint information Fingerprint(size=2141,projects=1)
[08/27/2022 12:17:14] Info: Starting to try to validate online license for execution
[08/27/2022 12:17:15] Debug: Getting license
[08/27/2022 12:17:15] Debug: License information
	Status: Failed
	Message: No active license available.
[08/27/2022 12:17:15] Debug: Starting the execution of the controller
[08/27/2022 12:17:16] Debug: Executing the worker: SnowConvert
[08/27/2022 12:17:28] Debug: Finished executing the worker: SnowConvert
[08/27/2022 12:17:30] Info: Controller execution ended
